2022-06-17T09:11:56.570Z [[32minfo[39m] Server is running on port 7005
2022-06-17T09:13:19.140Z [[32minfo[39m] Server is running on port 7005
2022-06-17T09:13:41.941Z [[32minfo[39m] Server is running on port 7005
2022-06-17T09:15:00.884Z [[32minfo[39m] Server is running on port 7005
2022-06-17T09:15:32.508Z [[32minfo[39m] Server is running on port 7005
2022-06-17T09:16:13.102Z [[32minfo[39m] Server is running on port 7005
2022-06-17T09:16:41.788Z [[32minfo[39m] Server is running on port 7005
2022-06-17T09:16:50.373Z [[32minfo[39m] Server is running on port 7005
2022-06-17T09:16:53.858Z [[32minfo[39m] Server is running on port 7005
2022-06-17T09:17:36.159Z [[32minfo[39m] Server is running on port 7005
2022-06-17T09:18:07.018Z [[32minfo[39m] Server is running on port 7005
2022-06-17T09:18:15.290Z [[32minfo[39m] Server is running on port 7005
2022-06-17T09:19:15.582Z [[32minfo[39m] Server is running on port 7005
2022-06-17T09:19:16.163Z [[31merror[39m] Something went wrong
2022-06-17T09:19:16.215Z [[31merror[39m] Something went wrong
2022-06-17T09:19:25.376Z [[31merror[39m] Something went wrong
2022-06-17T09:20:32.833Z [[32minfo[39m] Server is running on port 7005
2022-06-17T09:20:33.000Z [[31merror[39m] Something went wrong
2022-06-17T09:20:33.003Z [[31merror[39m] Something went wrong
2022-06-17T09:20:49.734Z [[32minfo[39m] Server is running on port 7005
2022-06-17T09:20:50.110Z [[31merror[39m] Something went wrong
2022-06-17T09:20:50.110Z [[31merror[39m] Something went wrong
2022-06-17T09:21:23.537Z [[31merror[39m] Something went wrong
2022-06-17T09:21:37.643Z [[32minfo[39m] Server is running on port 7005
2022-06-17T09:21:45.569Z [[32minfo[39m] Server is running on port 7005
2022-06-17T09:22:23.963Z [[31merror[39m] Something went wrong
2022-06-17T09:22:43.473Z [[32minfo[39m] Server is running on port 7005
2022-06-17T09:23:02.804Z [[32minfo[39m] Server is running on port 7005
2022-06-17T09:23:03.274Z [[31merror[39m] Something went wrong
2022-06-17T09:23:03.274Z [[31merror[39m] Something went wrong
2022-06-17T09:23:05.967Z [[32minfo[39m] Server is running on port 7005
2022-06-17T09:23:06.477Z [[31merror[39m] Something went wrong
2022-06-17T09:23:06.533Z [[31merror[39m] Something went wrong
2022-06-17T09:23:18.655Z [[32minfo[39m] Server is running on port 7005
2022-06-17T09:23:19.135Z [[31merror[39m] Something went wrong
2022-06-17T09:23:19.135Z [[31merror[39m] Something went wrong
2022-06-17T09:23:24.810Z [[32minfo[39m] Server is running on port 7005
2022-06-17T09:23:25.257Z [[31merror[39m] Something went wrong
2022-06-17T09:23:25.277Z [[31merror[39m] Something went wrong
2022-06-17T09:23:36.474Z [[32minfo[39m] Server is running on port 7005
2022-06-17T09:23:36.832Z [[31merror[39m] Something went wrong
2022-06-17T09:23:36.844Z [[31merror[39m] Something went wrong
2022-06-17T09:23:40.040Z [[32minfo[39m] Server is running on port 7005
2022-06-17T09:23:40.549Z [[31merror[39m] Something went wrong
2022-06-17T09:23:40.555Z [[31merror[39m] Something went wrong
2022-06-17T09:23:43.366Z [[32minfo[39m] Server is running on port 7005
2022-06-17T09:23:43.785Z [[31merror[39m] Something went wrong
2022-06-17T09:23:43.787Z [[31merror[39m] Something went wrong
2022-06-17T09:23:45.742Z [[32minfo[39m] Server is running on port 7005
2022-06-17T09:23:46.157Z [[31merror[39m] Something went wrong
2022-06-17T09:23:46.183Z [[31merror[39m] Something went wrong
2022-06-17T09:24:26.819Z [[32minfo[39m] Server is running on port 7005
2022-06-17T09:24:27.302Z [[31merror[39m] Something went wrong
2022-06-17T09:24:27.303Z [[31merror[39m] Something went wrong
2022-06-17T09:24:32.124Z [[32minfo[39m] Server is running on port 7005
2022-06-17T09:24:32.203Z [[31merror[39m] Something went wrong
2022-06-17T09:24:32.203Z [[31merror[39m] Something went wrong
2022-06-17T09:24:39.470Z [[32minfo[39m] Server is running on port 7005
2022-06-17T09:24:39.945Z [[31merror[39m] Something went wrong
2022-06-17T09:24:39.948Z [[31merror[39m] Something went wrong
2022-06-17T09:25:01.723Z [[32minfo[39m] Server is running on port 7005
2022-06-17T09:25:02.208Z [[31merror[39m] Something went wrong
2022-06-17T09:25:02.208Z [[31merror[39m] Something went wrong
2022-06-17T09:25:26.803Z [[32minfo[39m] Server is running on port 7005
2022-06-17T09:25:27.256Z [[31merror[39m] Something went wrong
2022-06-17T09:25:27.296Z [[31merror[39m] Something went wrong
2022-06-17T09:25:40.183Z [[32minfo[39m] Server is running on port 7005
2022-06-17T09:25:40.543Z [[31merror[39m] Something went wrong
2022-06-17T09:25:40.566Z [[31merror[39m] Something went wrong
2022-06-17T09:25:46.559Z [[32minfo[39m] Server is running on port 7005
2022-06-17T09:25:47.005Z [[31merror[39m] Something went wrong
2022-06-17T09:25:47.032Z [[31merror[39m] Something went wrong
2022-06-17T09:25:58.426Z [[31merror[39m] Something went wrong
2022-06-17T09:26:34.472Z [[31merror[39m] Something went wrong
2022-06-17T09:29:26.192Z [[32minfo[39m] Server is running on port 7005
2022-06-17T09:29:26.721Z [[31merror[39m] Something went wrong
2022-06-17T09:29:54.412Z [[32minfo[39m] Server is running on port 7005
2022-06-17T10:38:55.216Z [[32minfo[39m] Server is running on port 7005
2022-06-17T10:39:20.701Z [[32minfo[39m] Server is running on port 7005
2022-06-17T10:39:32.945Z [[32minfo[39m] Server is running on port 7005
2022-06-17T10:41:11.254Z [[32minfo[39m] Server is running on port 7005
2022-06-17T10:42:30.182Z [[32minfo[39m] Server is running on port 7005
2022-06-17T10:43:14.892Z [[32minfo[39m] Server is running on port 7005
2022-06-17T10:43:37.384Z [[32minfo[39m] Server is running on port 7005
2022-06-17T10:44:24.288Z [[32minfo[39m] Server is running on port 7005
2022-06-17T10:44:54.526Z [[32minfo[39m] Server is running on port 7005
2022-06-17T10:45:09.889Z [[32minfo[39m] Server is running on port 7005
2022-06-17T10:45:23.635Z [[32minfo[39m] Server is running on port 7005
2022-06-17T10:45:37.474Z [[32minfo[39m] Server is running on port 7005
2022-06-17T10:45:40.613Z [[32minfo[39m] Server is running on port 7005
2022-06-17T10:46:41.216Z [[32minfo[39m] Server is running on port 7005
2022-06-17T10:46:46.190Z [[32minfo[39m] Server is running on port 7005
2022-06-17T10:46:50.401Z [[32minfo[39m] Server is running on port 7005
2022-06-17T10:47:03.630Z [[32minfo[39m] Server is running on port 7005
2022-06-17T10:47:35.572Z [[32minfo[39m] Server is running on port 7005
2022-06-17T10:47:44.867Z [[32minfo[39m] Server is running on port 7005
2022-06-17T10:48:33.923Z [[32minfo[39m] Server is running on port 7005
2022-06-17T10:49:02.267Z [[32minfo[39m] Server is running on port 7005
2022-06-17T10:49:16.949Z [[32minfo[39m] Server is running on port 7005
2022-06-17T10:50:01.309Z [[32minfo[39m] Server is running on port 7005
2022-06-17T10:50:06.125Z [[32minfo[39m] Server is running on port 7005
2022-06-17T10:51:11.194Z [[32minfo[39m] Server is running on port 7005
2022-06-17T10:51:13.214Z [[32minfo[39m] Server is running on port 7005
2022-06-17T10:52:01.948Z [[32minfo[39m] Server is running on port 7005
2022-06-17T10:52:15.486Z [[32minfo[39m] Server is running on port 7005
2022-06-17T10:52:18.764Z [[32minfo[39m] Server is running on port 7005
2022-06-17T10:53:28.712Z [[32minfo[39m] Server is running on port 7005
2022-06-17T10:53:44.953Z [[32minfo[39m] Server is running on port 7005
2022-06-17T10:53:51.062Z [[32minfo[39m] Server is running on port 7005
2022-06-17T10:54:51.335Z [[32minfo[39m] Server is running on port 7005
2022-06-17T10:54:56.486Z [[32minfo[39m] Server is running on port 7005
2022-06-17T10:55:05.556Z [[32minfo[39m] Server is running on port 7005
2022-06-17T10:55:33.324Z [[32minfo[39m] Server is running on port 7005
2022-06-17T10:55:42.344Z [[32minfo[39m] Server is running on port 7005
2022-06-17T10:55:49.667Z [[32minfo[39m] Server is running on port 7005
2022-06-17T10:55:57.667Z [[32minfo[39m] Server is running on port 7005
2022-06-17T10:56:08.967Z [[32minfo[39m] Server is running on port 7005
2022-06-17T10:56:14.639Z [[32minfo[39m] Server is running on port 7005
2022-06-17T10:56:21.850Z [[32minfo[39m] Server is running on port 7005
2022-06-17T10:56:24.267Z [[32minfo[39m] Server is running on port 7005
2022-06-17T10:56:27.598Z [[32minfo[39m] Server is running on port 7005
2022-06-17T10:56:49.956Z [[32minfo[39m] Server is running on port 7005
2022-06-17T10:56:52.371Z [[32minfo[39m] Server is running on port 7005
2022-06-17T10:57:01.682Z [[32minfo[39m] Server is running on port 7005
2022-06-17T10:57:09.341Z [[32minfo[39m] Server is running on port 7005
2022-06-17T10:57:51.696Z [[32minfo[39m] Server is running on port 7005
2022-06-17T10:58:08.505Z [[32minfo[39m] Server is running on port 7005
2022-06-17T10:58:19.490Z [[32minfo[39m] Server is running on port 7005
2022-06-17T10:58:36.872Z [[32minfo[39m] Server is running on port 7005
2022-06-17T10:58:45.379Z [[32minfo[39m] Server is running on port 7005
2022-06-17T10:58:57.829Z [[32minfo[39m] Server is running on port 7005
2022-06-17T10:59:10.949Z [[32minfo[39m] Server is running on port 7005
2022-06-17T10:59:37.240Z [[32minfo[39m] Server is running on port 7005
2022-06-17T10:59:38.328Z [[32minfo[39m] Server is running on port 7005
2022-06-17T10:59:47.174Z [[32minfo[39m] Server is running on port 7005
2022-06-17T11:00:01.872Z [[32minfo[39m] Server is running on port 7005
2022-06-17T11:00:07.229Z [[32minfo[39m] Server is running on port 7005
2022-06-17T11:57:37.091Z [[32minfo[39m] Server is running on port 7005
2022-06-17T11:58:01.583Z [[31merror[39m] Cannot read properties of undefined (reading 'exampleService')
2022-06-17T11:58:34.375Z [[32minfo[39m] Server is running on port 7005
2022-06-17T11:58:39.462Z [[32minfo[39m] Server is running on port 7005
2022-06-17T11:58:57.798Z [[31merror[39m] Cannot read properties of undefined (reading 'exampleService')
2022-06-17T11:59:15.709Z [[32minfo[39m] Server is running on port 7005
2022-06-17T11:59:17.772Z [[31merror[39m] Cannot read properties of undefined (reading 'exampleService')
2022-06-17T11:59:23.423Z [[31merror[39m] Cannot read properties of undefined (reading 'exampleService')
2022-06-17T12:00:07.550Z [[32minfo[39m] Server is running on port 7005
2022-06-17T12:00:18.811Z [[32minfo[39m] Server is running on port 7005
2022-06-17T12:00:50.807Z [[32minfo[39m] Server is running on port 7005
2022-06-17T12:00:52.763Z [[31merror[39m] Cannot read properties of undefined (reading 'exampleService')
2022-06-17T12:01:08.480Z [[32minfo[39m] Server is running on port 7005
2022-06-17T12:01:10.301Z [[32minfo[39m] Server is running on port 7005
2022-06-17T12:01:13.232Z [[32minfo[39m] Server is running on port 7005
2022-06-17T12:01:14.322Z [[31merror[39m] Cannot read properties of undefined (reading 'exampleService')
2022-06-17T12:01:22.517Z [[32minfo[39m] Server is running on port 7005
2022-06-17T12:01:23.803Z [[31merror[39m] Cannot read properties of undefined (reading 'exampleService')
2022-06-17T12:01:30.466Z [[32minfo[39m] Server is running on port 7005
2022-06-17T12:02:07.537Z [[32minfo[39m] Server is running on port 7005
2022-06-17T12:02:23.314Z [[32minfo[39m] Server is running on port 7005
2022-06-17T12:02:26.135Z [[31merror[39m] Cannot read properties of undefined (reading 'exampleService')
2022-06-17T12:02:27.112Z [[31merror[39m] Cannot read properties of undefined (reading 'exampleService')
2022-06-17T12:02:27.836Z [[31merror[39m] Cannot read properties of undefined (reading 'exampleService')
2022-06-17T12:04:56.875Z [[31merror[39m] Cannot read properties of undefined (reading 'exampleService')
2022-06-17T12:07:18.121Z [[32minfo[39m] Server is running on port 7005
2022-06-17T12:07:22.861Z [[31merror[39m] Cannot read properties of undefined (reading 'exampleService')
2022-06-17T12:07:41.785Z [[32minfo[39m] Server is running on port 7005
2022-06-17T12:07:44.088Z [[31merror[39m] Cannot read properties of undefined (reading 'exampleService')
2022-06-17T12:08:03.349Z [[32minfo[39m] Server is running on port 7005
2022-06-17T12:08:03.678Z [[31merror[39m] Cannot read properties of undefined (reading 'exampleService')
2022-06-17T12:08:05.967Z [[31merror[39m] Cannot read properties of undefined (reading 'exampleService')
2022-06-17T12:08:07.550Z [[31merror[39m] Cannot read properties of undefined (reading 'exampleService')
2022-06-17T12:08:16.819Z [[32minfo[39m] Server is running on port 7005
2022-06-17T12:08:18.312Z [[31merror[39m] Cannot read properties of undefined (reading 'exampleService')
2022-06-17T12:08:39.002Z [[32minfo[39m] Server is running on port 7005
2022-06-17T12:10:52.087Z [[32minfo[39m] Server is running on port 7005
2022-06-17T12:12:05.555Z [[32minfo[39m] Server is running on port 7005
2022-06-17T12:12:10.716Z [[32minfo[39m] Server is running on port 7005
2022-06-17T12:14:23.043Z [[32minfo[39m] Server is running on port 7005
2022-06-17T12:14:56.630Z [[32minfo[39m] Server is running on port 7005
2022-06-17T12:15:00.260Z [[31merror[39m] Cannot read properties of undefined (reading 'exampleService')
2022-06-17T12:15:01.711Z [[31merror[39m] Cannot read properties of undefined (reading 'exampleService')
2022-06-17T12:15:02.429Z [[31merror[39m] Cannot read properties of undefined (reading 'exampleService')
2022-06-17T12:15:02.990Z [[31merror[39m] Cannot read properties of undefined (reading 'exampleService')
2022-06-17T12:15:03.383Z [[31merror[39m] Cannot read properties of undefined (reading 'exampleService')
2022-06-17T12:15:21.959Z [[32minfo[39m] Server is running on port 7005
2022-06-17T12:15:22.760Z [[31merror[39m] Cannot read properties of undefined (reading 'exampleService')
2022-06-17T12:15:29.033Z [[31merror[39m] Cannot read properties of undefined (reading 'exampleService')
2022-06-17T12:15:35.138Z [[32minfo[39m] Server is running on port 7005
2022-06-17T12:16:38.520Z [[32minfo[39m] Server is running on port 7005
2022-06-17T12:17:36.332Z [[31merror[39m] Missing Example
2022-06-17T12:19:00.842Z [[32minfo[39m] Server is running on port 7005
2022-06-17T12:19:13.685Z [[32minfo[39m] Server is running on port 7005
2022-06-17T12:19:15.636Z [[31merror[39m] Missing Example
2022-06-17T12:19:23.335Z [[32minfo[39m] Server is running on port 7005
2022-06-17T12:19:24.777Z [[31merror[39m] Missing Example
2022-06-17T12:19:29.318Z [[32minfo[39m] Server is running on port 7005
2022-06-17T12:19:40.308Z [[32minfo[39m] Server is running on port 7005
2022-06-17T12:19:40.813Z [[31merror[39m] Missing Example
2022-06-17T12:19:42.887Z [[31merror[39m] Missing Example
2022-06-17T12:19:49.583Z [[32minfo[39m] Server is running on port 7005
2022-06-17T12:19:53.263Z [[32minfo[39m] Server is running on port 7005
2022-06-17T12:19:56.148Z [[32minfo[39m] Server is running on port 7005
2022-06-17T12:20:06.212Z [[32minfo[39m] Server is running on port 7005
2022-06-17T12:20:07.525Z [[31merror[39m] Missing Example
2022-06-17T12:21:45.555Z [[32minfo[39m] Server is running on port 7005
2022-06-17T12:21:49.335Z [[32minfo[39m] Server is running on port 7005
2022-06-17T12:22:20.490Z [[32minfo[39m] Server is running on port 7005
2022-06-17T12:22:32.724Z [[32minfo[39m] Server is running on port 7005
2022-06-17T12:22:38.711Z [[32minfo[39m] Server is running on port 7005
2022-06-17T12:22:51.467Z [[31merror[39m] Method not implemented.
2022-06-17T12:22:59.697Z [[32minfo[39m] Server is running on port 7005
2022-06-17T12:23:38.394Z [[32minfo[39m] Server is running on port 7005
